
1월 10, 2022 15:33:38.06 NEW SESSION
1월 10, 2022 15:33:38.06 [7472:16648:0110/153338.058:ERROR:chrome_browser_main_extra_parts_metrics.cc(226)] crbug.com/1216328: Checking Bluetooth availability started. Please report if there is no report that this ends.
1월 10, 2022 15:33:38.06 [7472:16648:0110/153338.058:ERROR:chrome_browser_main_extra_parts_metrics.cc(229)] crbug.com/1216328: Checking Bluetooth availability ended.
1월 10, 2022 15:33:38.06 [7472:16648:0110/153338.058:ERROR:chrome_browser_main_extra_parts_metrics.cc(232)] crbug.com/1216328: Checking default browser status started. Please report if there is no report that this ends.
1월 10, 2022 15:33:38.06 [7472:16648:0110/153338.059:ERROR:chrome_browser_main_extra_parts_metrics.cc(236)] crbug.com/1216328: Checking default browser status ended.
1월 10, 2022 15:33:38.06 [7472:12748:0110/153338.066:ERROR:device_event_log_impl.cc(214)] [15:33:38.067] Bluetooth: bluetooth_adapter_winrt.cc:1075 Getting Default Adapter failed.
1월 10, 2022 15:34:17.39 [12308:17552:0110/153417.393:ERROR:chrome_browser_main_extra_parts_metrics.cc(226)] crbug.com/1216328: Checking Bluetooth availability started. Please report if there is no report that this ends.
1월 10, 2022 15:34:17.39 [12308:17552:0110/153417.393:ERROR:chrome_browser_main_extra_parts_metrics.cc(229)] crbug.com/1216328: Checking Bluetooth availability ended.
1월 10, 2022 15:34:17.39 [12308:17552:0110/153417.393:ERROR:chrome_browser_main_extra_parts_metrics.cc(232)] crbug.com/1216328: Checking default browser status started. Please report if there is no report that this ends.
1월 10, 2022 15:34:17.39 [12308:17552:0110/153417.397:ERROR:chrome_browser_main_extra_parts_metrics.cc(236)] crbug.com/1216328: Checking default browser status ended.
1월 10, 2022 15:34:17.40 [12308:8796:0110/153417.402:ERROR:device_event_log_impl.cc(214)] [15:34:17.401] Bluetooth: bluetooth_adapter_winrt.cc:1075 Getting Default Adapter failed.
1월 10, 2022 15:34:56.47 [17556:3688:0110/153456.479:ERROR:chrome_browser_main_extra_parts_metrics.cc(226)] crbug.com/1216328: Checking Bluetooth availability started. Please report if there is no report that this ends.
1월 10, 2022 15:34:56.47 [17556:3688:0110/153456.479:ERROR:chrome_browser_main_extra_parts_metrics.cc(229)] crbug.com/1216328: Checking Bluetooth availability ended.
1월 10, 2022 15:34:56.47 [17556:3688:0110/153456.479:ERROR:chrome_browser_main_extra_parts_metrics.cc(232)] crbug.com/1216328: Checking default browser status started. Please report if there is no report that this ends.
1월 10, 2022 15:34:56.48 [17556:3688:0110/153456.480:ERROR:chrome_browser_main_extra_parts_metrics.cc(236)] crbug.com/1216328: Checking default browser status ended.
1월 10, 2022 15:34:56.48 [17556:17688:0110/153456.485:ERROR:device_event_log_impl.cc(214)] [15:34:56.485] Bluetooth: bluetooth_adapter_winrt.cc:1075 Getting Default Adapter failed.

1월 10, 2022 18:27:54.89 NEW SESSION
1월 10, 2022 18:27:54.89 [14540:6388:0110/182754.891:ERROR:chrome_browser_main_extra_parts_metrics.cc(226)] crbug.com/1216328: Checking Bluetooth availability started. Please report if there is no report that this ends.
1월 10, 2022 18:27:54.89 [14540:6388:0110/182754.891:ERROR:chrome_browser_main_extra_parts_metrics.cc(229)] crbug.com/1216328: Checking Bluetooth availability ended.
1월 10, 2022 18:27:54.89 [14540:6388:0110/182754.891:ERROR:chrome_browser_main_extra_parts_metrics.cc(232)] crbug.com/1216328: Checking default browser status started. Please report if there is no report that this ends.
1월 10, 2022 18:27:54.89 [14540:6388:0110/182754.892:ERROR:chrome_browser_main_extra_parts_metrics.cc(236)] crbug.com/1216328: Checking default browser status ended.
1월 10, 2022 18:27:54.89 [14540:10208:0110/182754.898:ERROR:device_event_log_impl.cc(214)] [18:27:54.899] Bluetooth: bluetooth_adapter_winrt.cc:1075 Getting Default Adapter failed.
1월 10, 2022 18:29:08.66 [11180:8356:0110/182908.668:ERROR:chrome_browser_main_extra_parts_metrics.cc(226)] crbug.com/1216328: Checking Bluetooth availability started. Please report if there is no report that this ends.
1월 10, 2022 18:29:08.66 [11180:8356:0110/182908.668:ERROR:chrome_browser_main_extra_parts_metrics.cc(229)] crbug.com/1216328: Checking Bluetooth availability ended.
1월 10, 2022 18:29:08.66 [11180:8356:0110/182908.668:ERROR:chrome_browser_main_extra_parts_metrics.cc(232)] crbug.com/1216328: Checking default browser status started. Please report if there is no report that this ends.
1월 10, 2022 18:29:08.67 [11180:8356:0110/182908.670:ERROR:chrome_browser_main_extra_parts_metrics.cc(236)] crbug.com/1216328: Checking default browser status ended.
1월 10, 2022 18:29:08.67 [11180:15184:0110/182908.674:ERROR:device_event_log_impl.cc(214)] [18:29:08.674] Bluetooth: bluetooth_adapter_winrt.cc:1075 Getting Default Adapter failed.
1월 10, 2022 18:29:23.93 [18084:4616:0110/182923.933:ERROR:chrome_browser_main_extra_parts_metrics.cc(226)] crbug.com/1216328: Checking Bluetooth availability started. Please report if there is no report that this ends.
1월 10, 2022 18:29:23.93 [18084:4616:0110/182923.933:ERROR:chrome_browser_main_extra_parts_metrics.cc(229)] crbug.com/1216328: Checking Bluetooth availability ended.
1월 10, 2022 18:29:23.93 [18084:4616:0110/182923.933:ERROR:chrome_browser_main_extra_parts_metrics.cc(232)] crbug.com/1216328: Checking default browser status started. Please report if there is no report that this ends.
1월 10, 2022 18:29:23.93 [18084:4616:0110/182923.934:ERROR:chrome_browser_main_extra_parts_metrics.cc(236)] crbug.com/1216328: Checking default browser status ended.
1월 10, 2022 18:29:23.93 [18084:10280:0110/182923.939:ERROR:device_event_log_impl.cc(214)] [18:29:23.939] Bluetooth: bluetooth_adapter_winrt.cc:1075 Getting Default Adapter failed.
1월 10, 2022 18:31:38.54 [18084:2352:0110/183138.546:ERROR:database.cc(1773)] History SQLite error: code 1555 errno 0: UNIQUE constraint failed: context_annotations.visit_id sql: INSERT INTO context_annotations( visit_id,context_annotation_flags,duration_since_last_visit,page_end_reason,total_foreground_duration )VALUES(?,?,?,?,?)

1월 19, 2022 18:45:20.29 NEW SESSION
1월 19, 2022 18:45:20.29 [1828:9560:0119/184520.289:ERROR:chrome_browser_main_extra_parts_metrics.cc(227)] START: ReportBluetoothAvailability(). If you don't see the END: message, this is crbug.com/1216328.
1월 19, 2022 18:45:20.32 [1828:9560:0119/184520.289:ERROR:chrome_browser_main_extra_parts_metrics.cc(230)] END: ReportBluetoothAvailability()
1월 19, 2022 18:45:20.32 [1828:9560:0119/184520.289:ERROR:chrome_browser_main_extra_parts_metrics.cc(235)] START: GetDefaultBrowser(). If you don't see the END: message, this is crbug.com/1216328.
1월 19, 2022 18:45:20.32 [1828:9560:0119/184520.293:ERROR:chrome_browser_main_extra_parts_metrics.cc(239)] END: GetDefaultBrowser()
1월 19, 2022 18:45:20.32 [1828:4632:0119/184520.297:ERROR:device_event_log_impl.cc(214)] [18:45:20.297] Bluetooth: bluetooth_adapter_winrt.cc:1075 Getting Default Adapter failed.
1월 19, 2022 18:51:32.46 [5932:10968:0119/185132.463:ERROR:chrome_browser_main_extra_parts_metrics.cc(227)] START: ReportBluetoothAvailability(). If you don't see the END: message, this is crbug.com/1216328.
1월 19, 2022 18:51:32.46 [5932:10968:0119/185132.464:ERROR:chrome_browser_main_extra_parts_metrics.cc(230)] END: ReportBluetoothAvailability()
1월 19, 2022 18:51:32.46 [5932:10968:0119/185132.464:ERROR:chrome_browser_main_extra_parts_metrics.cc(235)] START: GetDefaultBrowser(). If you don't see the END: message, this is crbug.com/1216328.
1월 19, 2022 18:51:32.46 [5932:10968:0119/185132.466:ERROR:chrome_browser_main_extra_parts_metrics.cc(239)] END: GetDefaultBrowser()
1월 19, 2022 18:51:32.47 [5932:6288:0119/185132.471:ERROR:device_event_log_impl.cc(214)] [18:51:32.471] Bluetooth: bluetooth_adapter_winrt.cc:1075 Getting Default Adapter failed.

1월 21, 2022 19:20:46.85 NEW SESSION
1월 21, 2022 19:20:46.85 [5444:14516:0121/192046.850:ERROR:chrome_browser_main_extra_parts_metrics.cc(227)] START: ReportBluetoothAvailability(). If you don't see the END: message, this is crbug.com/1216328.
1월 21, 2022 19:20:46.91 [5444:14516:0121/192046.850:ERROR:chrome_browser_main_extra_parts_metrics.cc(230)] END: ReportBluetoothAvailability()
1월 21, 2022 19:20:46.91 [5444:14516:0121/192046.850:ERROR:chrome_browser_main_extra_parts_metrics.cc(235)] START: GetDefaultBrowser(). If you don't see the END: message, this is crbug.com/1216328.
1월 21, 2022 19:20:46.91 [5444:14516:0121/192046.851:ERROR:chrome_browser_main_extra_parts_metrics.cc(239)] END: GetDefaultBrowser()
1월 21, 2022 19:20:46.91 [5444:10072:0121/192046.856:ERROR:device_event_log_impl.cc(214)] [19:20:46.855] Bluetooth: bluetooth_adapter_winrt.cc:1075 Getting Default Adapter failed.
1월 21, 2022 19:40:52.25 [13512:18208:0121/194052.252:ERROR:chrome_browser_main_extra_parts_metrics.cc(227)] START: ReportBluetoothAvailability(). If you don't see the END: message, this is crbug.com/1216328.
1월 21, 2022 19:40:52.25 [13512:18208:0121/194052.252:ERROR:chrome_browser_main_extra_parts_metrics.cc(230)] END: ReportBluetoothAvailability()
1월 21, 2022 19:40:52.25 [13512:18208:0121/194052.252:ERROR:chrome_browser_main_extra_parts_metrics.cc(235)] START: GetDefaultBrowser(). If you don't see the END: message, this is crbug.com/1216328.
1월 21, 2022 19:40:52.25 [13512:18208:0121/194052.253:ERROR:chrome_browser_main_extra_parts_metrics.cc(239)] END: GetDefaultBrowser()
1월 21, 2022 19:40:52.25 [13512:5128:0121/194052.258:ERROR:device_event_log_impl.cc(214)] [19:40:52.258] Bluetooth: bluetooth_adapter_winrt.cc:1075 Getting Default Adapter failed.

1월 24, 2022 18:33:36.07 NEW SESSION
1월 24, 2022 18:33:36.07 [17524:16896:0124/183336.076:ERROR:chrome_browser_main_extra_parts_metrics.cc(227)] START: ReportBluetoothAvailability(). If you don't see the END: message, this is crbug.com/1216328.
1월 24, 2022 18:33:36.10 [17524:16896:0124/183336.076:ERROR:chrome_browser_main_extra_parts_metrics.cc(230)] END: ReportBluetoothAvailability()
1월 24, 2022 18:33:36.10 [17524:16896:0124/183336.076:ERROR:chrome_browser_main_extra_parts_metrics.cc(235)] START: GetDefaultBrowser(). If you don't see the END: message, this is crbug.com/1216328.
1월 24, 2022 18:33:36.10 [17524:16896:0124/183336.076:ERROR:chrome_browser_main_extra_parts_metrics.cc(239)] END: GetDefaultBrowser()
1월 24, 2022 18:33:36.10 [17524:1424:0124/183336.083:ERROR:device_event_log_impl.cc(214)] [18:33:36.084] Bluetooth: bluetooth_adapter_winrt.cc:1075 Getting Default Adapter failed.

2월 07, 2022 10:19:08.84 NEW SESSION
2월 07, 2022 10:19:08.84 [11472:9916:0207/101908.837:ERROR:chrome_browser_main_extra_parts_metrics.cc(227)] START: ReportBluetoothAvailability(). If you don't see the END: message, this is crbug.com/1216328.
2월 07, 2022 10:19:08.87 [11472:9916:0207/101908.837:ERROR:chrome_browser_main_extra_parts_metrics.cc(230)] END: ReportBluetoothAvailability()
2월 07, 2022 10:19:08.87 [11472:9916:0207/101908.837:ERROR:chrome_browser_main_extra_parts_metrics.cc(235)] START: GetDefaultBrowser(). If you don't see the END: message, this is crbug.com/1216328.
2월 07, 2022 10:19:08.87 [11472:9916:0207/101908.840:ERROR:chrome_browser_main_extra_parts_metrics.cc(239)] END: GetDefaultBrowser()
2월 07, 2022 10:19:08.87 [11472:17432:0207/101908.845:ERROR:device_event_log_impl.cc(214)] [10:19:08.846] Bluetooth: bluetooth_adapter_winrt.cc:1075 Getting Default Adapter failed.
2월 07, 2022 10:58:42.09 [11472:6588:0207/105842.093:ERROR:database.cc(1777)] History SQLite error: code 1555 errno 0: UNIQUE constraint failed: context_annotations.visit_id sql: INSERT INTO context_annotations( visit_id,context_annotation_flags,duration_since_last_visit,page_end_reason,total_foreground_duration )VALUES(?,?,?,?,?)
2월 07, 2022 10:58:42.31 [11472:7136:0207/105842.311:ERROR:database.cc(1777)] History SQLite error: code 1555 errno 0: UNIQUE constraint failed: context_annotations.visit_id sql: INSERT INTO context_annotations( visit_id,context_annotation_flags,duration_since_last_visit,page_end_reason,total_foreground_duration )VALUES(?,?,?,?,?)
2월 07, 2022 10:58:42.91 [11472:6588:0207/105842.916:ERROR:database.cc(1777)] History SQLite error: code 1555 errno 0: UNIQUE constraint failed: context_annotations.visit_id sql: INSERT INTO context_annotations( visit_id,context_annotation_flags,duration_since_last_visit,page_end_reason,total_foreground_duration )VALUES(?,?,?,?,?)
2월 07, 2022 11:39:57.78 [11472:17432:0207/113957.784:ERROR:interface_endpoint_client.cc(658)] Message 0 rejected by interface blink.mojom.WidgetHost
2월 07, 2022 12:02:17.76 [11472:17432:0207/120217.765:ERROR:interface_endpoint_client.cc(658)] Message 1 rejected by interface blink.mojom.WidgetHost
2월 07, 2022 12:02:17.76 [11472:17432:0207/120217.765:ERROR:interface_endpoint_client.cc(658)] Message 1 rejected by interface blink.mojom.WidgetHost
2월 07, 2022 13:34:04.63 [11472:17752:0207/133404.633:ERROR:database.cc(1777)] History SQLite error: code 1555 errno 0: UNIQUE constraint failed: context_annotations.visit_id sql: INSERT INTO context_annotations( visit_id,context_annotation_flags,duration_since_last_visit,page_end_reason,total_foreground_duration )VALUES(?,?,?,?,?)
2월 07, 2022 14:25:50.86 [11472:7024:0207/142550.866:ERROR:database.cc(1777)] History SQLite error: code 1555 errno 0: UNIQUE constraint failed: context_annotations.visit_id sql: INSERT INTO context_annotations( visit_id,context_annotation_flags,duration_since_last_visit,page_end_reason,total_foreground_duration )VALUES(?,?,?,?,?)
2월 07, 2022 14:26:07.39 [11472:13136:0207/142607.395:ERROR:database.cc(1777)] History SQLite error: code 1555 errno 0: UNIQUE constraint failed: context_annotations.visit_id sql: INSERT INTO context_annotations( visit_id,context_annotation_flags,duration_since_last_visit,page_end_reason,total_foreground_duration )VALUES(?,?,?,?,?)
2월 07, 2022 14:26:09.39 [11472:2476:0207/142609.394:ERROR:database.cc(1777)] History SQLite error: code 1555 errno 0: UNIQUE constraint failed: context_annotations.visit_id sql: INSERT INTO context_annotations( visit_id,context_annotation_flags,duration_since_last_visit,page_end_reason,total_foreground_duration )VALUES(?,?,?,?,?)
2월 07, 2022 14:26:22.43 [11472:2476:0207/142622.434:ERROR:database.cc(1777)] History SQLite error: code 1555 errno 0: UNIQUE constraint failed: context_annotations.visit_id sql: INSERT INTO context_annotations( visit_id,context_annotation_flags,duration_since_last_visit,page_end_reason,total_foreground_duration )VALUES(?,?,?,?,?)
2월 07, 2022 14:26:24.37 [11472:2476:0207/142624.370:ERROR:database.cc(1777)] History SQLite error: code 1555 errno 0: UNIQUE constraint failed: context_annotations.visit_id sql: INSERT INTO context_annotations( visit_id,context_annotation_flags,duration_since_last_visit,page_end_reason,total_foreground_duration )VALUES(?,?,?,?,?)
2월 07, 2022 14:26:27.96 [11472:13136:0207/142627.963:ERROR:database.cc(1777)] History SQLite error: code 1555 errno 0: UNIQUE constraint failed: context_annotations.visit_id sql: INSERT INTO context_annotations( visit_id,context_annotation_flags,duration_since_last_visit,page_end_reason,total_foreground_duration )VALUES(?,?,?,?,?)
2월 07, 2022 14:26:58.31 [11472:13136:0207/142658.314:ERROR:database.cc(1777)] History SQLite error: code 1555 errno 0: UNIQUE constraint failed: context_annotations.visit_id sql: INSERT INTO context_annotations( visit_id,context_annotation_flags,duration_since_last_visit,page_end_reason,total_foreground_duration )VALUES(?,?,?,?,?)
2월 07, 2022 14:37:12.17 [11472:18224:0207/143712.176:ERROR:database.cc(1777)] History SQLite error: code 1555 errno 0: UNIQUE constraint failed: context_annotations.visit_id sql: INSERT INTO context_annotations( visit_id,context_annotation_flags,duration_since_last_visit,page_end_reason,total_foreground_duration )VALUES(?,?,?,?,?)
2월 07, 2022 16:48:32.53 [11472:7852:0207/164832.529:ERROR:database.cc(1777)] History SQLite error: code 1555 errno 0: UNIQUE constraint failed: context_annotations.visit_id sql: INSERT INTO context_annotations( visit_id,context_annotation_flags,duration_since_last_visit,page_end_reason,total_foreground_duration )VALUES(?,?,?,?,?)
2월 07, 2022 16:53:10.07 [11472:9624:0207/165310.078:ERROR:database.cc(1777)] History SQLite error: code 1555 errno 0: UNIQUE constraint failed: context_annotations.visit_id sql: INSERT INTO context_annotations( visit_id,context_annotation_flags,duration_since_last_visit,page_end_reason,total_foreground_duration )VALUES(?,?,?,?,?)
2월 07, 2022 16:56:19.09 [11472:9624:0207/165619.097:ERROR:database.cc(1777)] History SQLite error: code 1555 errno 0: UNIQUE constraint failed: context_annotations.visit_id sql: INSERT INTO context_annotations( visit_id,context_annotation_flags,duration_since_last_visit,page_end_reason,total_foreground_duration )VALUES(?,?,?,?,?)
2월 07, 2022 16:56:24.94 [11472:17824:0207/165624.942:ERROR:database.cc(1777)] History SQLite error: code 1555 errno 0: UNIQUE constraint failed: context_annotations.visit_id sql: INSERT INTO context_annotations( visit_id,context_annotation_flags,duration_since_last_visit,page_end_reason,total_foreground_duration )VALUES(?,?,?,?,?)
